  BinaryTree.cpp
  DynamicArray.cpp
C:\Users\liu18\Documents\git-repo\Leetcode\LeetCode\DynamicArray.cpp(33,15): warning C4244: 'return': conversion from '__int64' to 'int', possible loss of data
C:\Users\liu18\Documents\git-repo\Leetcode\LeetCode\DynamicArray.cpp(37,15): warning C4244: 'return': conversion from '__int64' to 'int', possible loss of data
C:\Users\liu18\Documents\git-repo\Leetcode\LeetCode\DynamicArray.cpp(40,21): warning C4244: 'return': conversion from '__int64' to 'int', possible loss of data
C:\Users\liu18\Documents\git-repo\Leetcode\LeetCode\DynamicArray.cpp(72,11): warning C4267: 'initializing': conversion from 'size_t' to 'int', possible loss of data
C:\Users\liu18\Documents\git-repo\Leetcode\LeetCode\DynamicArray.cpp(100,11): warning C4267: 'initializing': conversion from 'size_t' to 'int', possible loss of data
C:\Users\liu18\Documents\git-repo\Leetcode\LeetCode\DynamicArray.cpp(104,11): warning C4267: 'initializing': conversion from 'size_t' to 'int', possible loss of data
C:\Users\liu18\Documents\git-repo\Leetcode\LeetCode\DynamicArray.cpp(139,11): warning C4267: 'initializing': conversion from 'size_t' to 'int', possible loss of data
C:\Users\liu18\Documents\git-repo\Leetcode\LeetCode\DynamicArray.cpp(140,11): warning C4267: 'initializing': conversion from 'size_t' to 'int', possible loss of data
C:\Users\liu18\Documents\git-repo\Leetcode\LeetCode\DynamicArray.cpp(185,21): warning C4267: 'initializing': conversion from 'size_t' to 'int', possible loss of data
C:\Users\liu18\Documents\git-repo\Leetcode\LeetCode\DynamicArray.cpp(194,14): warning C4267: 'initializing': conversion from 'size_t' to 'int', possible loss of data
C:\Users\liu18\Documents\git-repo\Leetcode\LeetCode\DynamicArray.cpp(230,13): warning C4267: 'initializing': conversion from 'size_t' to 'int', possible loss of data
C:\Users\liu18\Documents\git-repo\Leetcode\LeetCode\DynamicArray.cpp(271,12): warning C4244: 'initializing': conversion from '__int64' to 'int', possible loss of data
C:\Users\liu18\Documents\git-repo\Leetcode\LeetCode\DynamicArray.cpp(283,21): warning C4267: 'initializing': conversion from 'size_t' to 'int', possible loss of data
C:\Users\liu18\Documents\git-repo\Leetcode\LeetCode\DynamicArray.cpp(304,14): warning C4267: 'initializing': conversion from 'size_t' to 'int', possible loss of data
C:\Users\liu18\Documents\git-repo\Leetcode\LeetCode\DynamicArray.cpp(320,15): warning C4267: 'initializing': conversion from 'size_t' to 'int', possible loss of data
C:\Users\liu18\Documents\git-repo\Leetcode\LeetCode\DynamicArray.cpp(345,23): warning C4267: 'initializing': conversion from 'size_t' to 'int', possible loss of data
C:\Users\liu18\Documents\git-repo\Leetcode\LeetCode\DynamicArray.cpp(397,15): warning C4267: 'initializing': conversion from 'size_t' to 'int', possible loss of data
C:\Users\liu18\Documents\git-repo\Leetcode\LeetCode\DynamicArray.cpp(415,14): warning C4267: 'initializing': conversion from 'size_t' to 'int', possible loss of data
C:\Users\liu18\Documents\git-repo\Leetcode\LeetCode\DynamicArray.cpp(468,14): warning C4267: 'initializing': conversion from 'size_t' to 'int', possible loss of data
C:\Users\liu18\Documents\git-repo\Leetcode\LeetCode\DynamicArray.cpp(499,11): warning C4267: 'initializing': conversion from 'size_t' to 'int', possible loss of data
C:\Users\liu18\Documents\git-repo\Leetcode\LeetCode\DynamicArray.cpp(509,15): warning C4267: 'initializing': conversion from 'size_t' to 'int', possible loss of data
C:\Users\liu18\Documents\git-repo\Leetcode\LeetCode\DynamicArray.cpp(511,15): warning C4267: 'initializing': conversion from 'size_t' to 'int', possible loss of data
  Main.cpp
C:\Users\liu18\Documents\git-repo\Leetcode\LeetCode\Main.cpp(4,1): warning C4326: return type of 'main' should be 'int' instead of 'void'
  MapGraph.cpp
  SingleList.cpp
  Demo.cpp
C:\Users\liu18\Documents\git-repo\Leetcode\LeetCode\Demo.cpp(51,14): warning C4244: 'initializing': conversion from 'double' to 'int', possible loss of data
  StringOperate.cpp
C:\Users\liu18\Documents\git-repo\Leetcode\LeetCode\StringOperate.cpp(12,17): warning C4267: 'initializing': conversion from 'size_t' to 'int', possible loss of data
C:\Users\liu18\Documents\git-repo\Leetcode\LeetCode\StringOperate.cpp(32,17): warning C4267: 'initializing': conversion from 'size_t' to 'int', possible loss of data
C:\Users\liu18\Documents\git-repo\Leetcode\LeetCode\StringOperate.cpp(51,14): warning C4267: 'initializing': conversion from 'size_t' to 'int', possible loss of data
C:\Users\liu18\Documents\git-repo\Leetcode\LeetCode\StringOperate.cpp(54,28): warning C4267: 'return': conversion from 'size_t' to 'int', possible loss of data
C:\Users\liu18\Documents\git-repo\Leetcode\LeetCode\StringOperate.cpp(101,11): warning C4267: 'initializing': conversion from 'size_t' to 'int', possible loss of data
C:\Users\liu18\Documents\git-repo\Leetcode\LeetCode\StringOperate.cpp(122,11): warning C4267: 'initializing': conversion from 'size_t' to 'int', possible loss of data
C:\Users\liu18\Documents\git-repo\Leetcode\LeetCode\StringOperate.cpp(146,9): warning C4267: 'initializing': conversion from 'size_t' to 'int', possible loss of data
C:\Users\liu18\Documents\git-repo\Leetcode\LeetCode\StringOperate.cpp(180,14): warning C4267: 'initializing': conversion from 'size_t' to 'int', possible loss of data
C:\Users\liu18\Documents\git-repo\Leetcode\LeetCode\StringOperate.cpp(182,15): warning C4267: 'initializing': conversion from 'size_t' to 'int', possible loss of data
C:\Users\liu18\Documents\git-repo\Leetcode\LeetCode\StringOperate.cpp(201,9): warning C4267: 'initializing': conversion from 'size_t' to 'int', possible loss of data
C:\Users\liu18\Documents\git-repo\Leetcode\LeetCode\StringOperate.cpp(201,25): warning C4267: 'initializing': conversion from 'size_t' to 'int', possible loss of data
C:\Users\liu18\Documents\git-repo\Leetcode\LeetCode\StringOperate.cpp(204,11): warning C4267: 'initializing': conversion from 'size_t' to 'int', possible loss of data
C:\Users\liu18\Documents\git-repo\Leetcode\LeetCode\StringOperate.cpp(226,12): warning C4267: 'initializing': conversion from 'size_t' to 'int', possible loss of data
C:\Users\liu18\Documents\git-repo\Leetcode\LeetCode\StringOperate.cpp(226,31): warning C4267: 'initializing': conversion from 'size_t' to 'int', possible loss of data
C:\Users\liu18\Documents\git-repo\Leetcode\LeetCode\StringOperate.cpp(251,12): warning C4267: 'initializing': conversion from 'size_t' to 'int', possible loss of data
C:\Users\liu18\Documents\git-repo\Leetcode\LeetCode\StringOperate.cpp(278,9): warning C4267: 'initializing': conversion from 'size_t' to 'int', possible loss of data
C:\Users\liu18\Documents\git-repo\Leetcode\LeetCode\StringOperate.cpp(278,25): warning C4267: 'initializing': conversion from 'size_t' to 'int', possible loss of data
  Generating Code...
  LeetCode.vcxproj -> C:\Users\liu18\Documents\git-repo\Leetcode\x64\Debug\LeetCode.exe
